C51 COMPILER V9.54   MAIN                                                                  02/21/2026 16:14:53 PAGE 1   


C51 COMPILER V9.54, COMPILATION OF MODULE MAIN
OBJECT MODULE PLACED IN .\Objects\main.obj
COMPILER INVOKED BY: D:\main.c\kile5MDK\C51\BIN\C51.EXE main.c OPTIMIZE(8,SPEED) BROWSE DEBUG OBJECTEXTEND PRINT(.\Listi
                    -ngs\main.lst) TABS(2) OBJECT(.\Objects\main.obj)

line level    source

   1          #include <REGX52.H>
   2          #include "Delay.h"
   3          #include "LCD1602.h"
   4          #include "MatrixKeypro.h"
   5          
   6          unsigned char KeyNum;
   7          unsigned long password;
   8          
   9          void Passeord ()
  10          {
  11   1        static unsigned char count;
  12   1        KeyNum=MatrixKey();
  13   1        if(KeyNum)
  14   1        {
  15   2          if(KeyNum<11)
  16   2          {
  17   3            if(count<5)
  18   3            {
  19   4              password*=10;
  20   4              password+=KeyNum%10;
  21   4              count++;
  22   4            }
  23   3            
  24   3            LCD_ShowNum(2,1,password,5);
  25   3          }
  26   2          if(KeyNum==11)
  27   2          {
  28   3            
  29   3            if(password==20266)
  30   3            {
  31   4              LCD_ShowString(1,13,"OK!");
  32   4            }else {
  33   4                LCD_ShowString(1,13,"ERR!");
  34   4                Delayms(1500);
  35   4                LCD_ShowString(1,13,"    ");
  36   4                password=0;
  37   4                count=0;
  38   4                LCD_ShowNum(2,1,password,5);
  39   4                  }
  40   3          }
  41   2          if(password!=20266)
  42   2          {
  43   3            if(KeyNum==12)
  44   3            { 
  45   4              if(count>0)
  46   4              {
  47   5                password/=10;
  48   5                count--;
  49   5                LCD_ShowNum(2,1,password,5);
  50   5              }
  51   4            }
  52   3          }
  53   2          if(KeyNum==13)
  54   2          {
C51 COMPILER V9.54   MAIN                                                                  02/21/2026 16:14:53 PAGE 2   

  55   3            LCD_ShowString(1,13,"    ");
  56   3            password=0;
  57   3            count=0;
  58   3            LCD_ShowNum(2,1,password,5);
  59   3          }
  60   2        }
  61   1      }
  62          
  63          void main ()
  64          {
  65   1        LCD_Init();
  66   1        LCD_ShowString(1,1,"Password:");
  67   1        LCD_ShowNum(2,1,password,5);
  68   1        while(1)
  69   1        {
  70   2          Passeord ();
  71   2        }
  72   1      }


MODULE INFORMATION:   STATIC OVERLAYABLE
   CODE SIZE        =    382    ----
   CONSTANT SIZE    =     24    ----
   XDATA SIZE       =   ----    ----
   PDATA SIZE       =   ----    ----
   DATA SIZE        =      6    ----
   IDATA SIZE       =   ----    ----
   BIT SIZE         =   ----    ----
END OF MODULE INFORMATION.


C51 COMPILATION COMPLETE.  0 WARNING(S),  0 ERROR(S)
